Weight of MST: 476
Edges of MST: 
    SanBernardino_10-7
    Riverside_91-3
    GoldenState_5-4
    SanGabriel_605-2
    SanBernardino_10-1
    SanGabriel_605-5
    SantaAnna_5-4
    Ventura_134-2
    Harbor_110-2
    ChinoVal_71-1
    SanBernardino_10-2
    LongBeach_710-2
    LongBeach_710-4
    Riverside_91-2
    CostaMesa_55-3
    Ontario_15-1
    Orange_57-2
    LongBeach_710-4
    SanGabriel_605-1
    LongBeach_710-1
    Downtown_LA_Tangle
    GardenGrove_22-2
    Century-105-4
    SanDiego_405-12
    SanDiego_405-2
    Arroyo_110-1
    Riverside_91-6
    Orange_57-1
    SanDiego_405-1
    Century-105-4
    SantaAnna_5-7
    SanDiego_405-12
    Foothill_210-5
    Foothill_210-3
    SanDiego_405-4
    Laguna_133-2
    Antelope_14
    SeaSide_47
    SanDiego_405-9
    Marina_90
    Ontario_15-3
    Corona_Del_Mar_73-2
    Moorpark_23
    MoVal_60-1
    Temecula_15-1
    GoldenState_5-2
    CostaMesa_55-4
    SanGabriel_605-4
    Ontario_15-3
    Reagan_118-3
    Harbor_110-4
    Riverside_91-6
    FoothillToll_241-2
    MoVal_60-1
    Barstow_215-2
    SanDiego_5-2
    GoldenState_5-3
    SeaSide_47
    SantaAnna_5-6
    GoldenState_5-1
    SanGabriel_605-4
    SantaMonica_10-1
    LongBeach_710-5
    Glendale_2-2
    Ventura_134-1
    GoldenState_5-5
    Temecula_15-2
    Moorpark_23
    EasternToll_133
    Ventura_101-2
    Ventura_101-1
    Mojave_15
    Harbor_110-3
    Riverside_91-5
    LongBeach_710-1
    Riverside_91-3
    GoldenState_5-4
    SanGabriel_605-2
    MoVal_60-2
    SanGabriel_605-5
    GardenGrove_22-2
    Glendale_2-2
    Harbor_110-3
    ChinoVal_71-1
    LongBeach_710-2
    Riverside_91-3
    CostaMesa_55-3
    Ontario_15-2
