EA 1 = MU 1
EA 2 = MU 2
EA 3 = MU 3
EA 4 = MU 0,1
EA 5 = MU 1,1
EA 6 = MU 2,1
EA 7 = MU 3,1
EA 8 = MU 0,2
EA 9 = MU 0,0,1
EA 10 = MU 1,0,1
EA 11 = MU 2,0,1
EA 12 = MU 0,3
EA 13 = MU 0,1,1
EA 14 = MU 1,1,1
EA 15 = MU 2,1,1
EA 16 = MU 0,0,0,1
EA 17 = MU 1,0,0,1
EA 18 = MU 0,0,2
EA 19 = MU 1,0,2
EA 20 = MU 0,1,0,1
EA 21 = MU 1,1,0,1
EA 22 = MU 0,1,2
EA 23 = MU 1,1,2
EA 24 = MU 0,2,0,1
EA 25 = MU 0,0,0,0,1
EA 26 = MU 1,0,0,0,1
EA 27 = MU 2,0,0,0,1
EA 28 = MU 3,0,0,0,1
EA 29 = MU 0,1,0,0,1
EA 30 = MU 1,1,0,0,1
EA 31 = MU 2,1,0,0,1
EA 32 = MU 0,0,0,2
EA 33 = MU 0,2,0,0,1
EA 34 = MU 0,0,1,0,1
EA 35 = MU 1,0,1,0,1
EA 36 = MU 0,0,0,0,0,1
EA 37 = MU 1,0,0,0,0,1
EA 38 = MU 2,0,0,0,0,1
EA 39 = MU 3,0,0,0,0,1
EA 40 = MU 0,1,0,0,0,1
EA 41 = MU 0,0,0,1,1
EA 42 = MU 1,0,0,1,1
EA 43 = MU 0,0,2,0,1
EA 44 = MU 0,2,0,0,0,1
EA 45 = MU 0,0,1,0,0,1
EA 46 = MU 1,0,1,0,0,1
EA 47 = MU 2,0,1,0,0,1
EA 48 = MU 0,0,0,3
EA 49 = MU 0,0,0,0,0,0,1
EA 50 = MU 1,0,0,0,0,0,1
EA 51 = MU 2,0,0,0,0,0,1
EA 52 = MU 0,0,0,1,0,1
EA 53 = MU 0,1,0,0,0,0,1
EA 54 = MU 1,1,0,0,0,0,1
EA 55 = MU 2,1,0,0,0,0,1
EA 56 = MU 0,1,0,1,0,1
EA 57 = MU 0,2,0,0,0,0,1
EA 58 = MU 0,0,1,0,0,0,1
EA 59 = MU 1,0,1,0,0,0,1
EA 60 = MU 2,0,1,0,0,0,1
EA 61 = MU 0,0,0,0,1,1
EA 62 = MU 0,1,1,0,0,0,1
EA 63 = MU 1,1,1,0,0,0,1
EA 64 = MU 0,0,0,0,0,0,0,1
EA 65 = MU 1,0,0,0,0,0,0,1
EA 66 = MU 2,0,0,0,0,0,0,1
EA 67 = MU 0,0,2,0,0,0,1
EA 68 = MU 0,1,0,0,0,0,0,1
EA 69 = MU 1,1,0,0,0,0,0,1
EA 70 = MU 0,0,1,0,1,1
EA 71 = MU 0,1,2,0,0,0,1
EA 72 = MU 0,0,0,0,0,2
EA 73 = MU 0,0,1,0,0,0,0,1
EA 74 = MU 0,0,0,0,1,0,1
EA 75 = MU 1,0,0,0,1,0,1
EA 76 = MU 0,1,0,0,0,2
EA 77 = MU 0,1,1,0,0,0,0,1
EA 78 = MU 0,1,0,0,1,0,1
EA 79 = MU 1,1,0,0,1,0,1
EA 80 = MU 0,0,0,1,0,0,0,1
EA 81 = MU 0,0,0,0,0,0,0,0,1
EA 82 = MU 1,0,0,0,0,0,0,0,1
EA 83 = MU 2,0,0,0,0,0,0,0,1
EA 84 = MU 0,1,0,1,0,0,0,1
EA 85 = MU 0,1,0,0,0,0,0,0,1
EA 86 = MU 1,1,0,0,0,0,0,0,1
EA 87 = MU 2,1,0,0,0,0,0,0,1
EA 88 = MU 0,0,0,1,0,2
EA 89 = MU 0,0,0,0,1,0,0,1
EA 90 = MU 0,0,1,0,0,0,0,0,1
EA 91 = MU 1,0,1,0,0,0,0,0,1
EA 92 = MU 2,0,1,0,0,0,0,0,1
EA 93 = MU 0,1,0,0,1,0,0,1
EA 94 = MU 0,1,1,0,0,0,0,0,1
EA 95 = MU 1,1,1,0,0,0,0,0,1
EA 96 = MU 0,0,0,2,0,0,0,1
EA 97 = MU 0,0,0,1,0,0,0,0,1
EA 98 = MU 0,0,0,0,0,0,2
EA 99 = MU 0,0,2,0,0,0,0,0,1
EA 100 = MU 0,0,0,0,0,0,0,0,0,1
